<?xml version="1.0" encoding="UTF-8"?><testsuite failures="2" name="cucumber.runtime.formatter.JUnitFormatter" skipped="0" tests="2" time="21.527639">
<testcase classname="RBL - STP Workflow" name="Scanario_Id_STP" time="14.059174">
<failure message="io.restassured.path.json.exception.JsonPathException: Failed to parse the JSON document&#13;&#10;&#9;at io.restassured.path.json.JsonPath$ExceptionCatcher.invoke(JsonPath.java:986)&#13;&#10;&#9;at io.restassured.path.json.JsonPath$4.doParseWith(JsonPath.java:951)&#13;&#10;&#9;at io.restassured.path.json.JsonPath$JsonParser.parseWith(JsonPath.java:1031)&#13;&#10;&#9;at io.restassured.path.json.JsonPath.get(JsonPath.java:202)&#13;&#10;&#9;at com.rbl.util.RestAssuredCode.statusResponseProcess(RestAssuredCode.java:99)&#13;&#10;&#9;at com.stepDefinition.API.RBL.RBLStepDefinition.i_am_fetch_Status_response(RBLStepDefinition.java:234)&#13;&#10;&#9;at ✽.I am fetch Status response(src/test/java/com/features/rbl/RBLApi.feature:36)&#13;&#10;Caused by: groovy.json.JsonException: A JSON payload should start with an openning curly brace '{' or an openning square bracket '['.&#10;Instead, '503' was found on line: 1, column: 1&#13;&#10;&#9;at sun.reflect.NativeConstructorAccessorImpl.newInstance0(Native Method)&#13;&#10;&#9;at sun.reflect.NativeConstructorAccessorImpl.newInstance(NativeConstructorAccessorImpl.java:62)&#13;&#10;&#9;at sun.reflect.DelegatingConstructorAccessorImpl.newInstance(DelegatingConstructorAccessorImpl.java:45)&#13;&#10;&#9;at java.lang.reflect.Constructor.newInstance(Constructor.java:423)&#13;&#10;&#9;at org.codehaus.groovy.reflection.CachedConstructor.invoke(CachedConstructor.java:83)&#13;&#10;&#9;at org.codehaus.groovy.runtime.callsite.ConstructorSite$ConstructorSiteNoUnwrapNoCoerce.callConstructor(ConstructorSite.java:105)&#13;&#10;&#9;at org.codehaus.groovy.runtime.callsite.CallSiteArray.defaultCallConstructor(CallSiteArray.java:59)&#13;&#10;&#9;at org.codehaus.groovy.runtime.callsite.AbstractCallSite.callConstructor(AbstractCallSite.java:238)&#13;&#10;&#9;at org.codehaus.groovy.runtime.callsite.AbstractCallSite.callConstructor(AbstractCallSite.java:250)&#13;&#10;&#9;at io.restassured.internal.path.json.ConfigurableJsonSlurper.parse(ConfigurableJsonSlurper.groovy:114)&#13;&#10;&#9;at io.restassured.internal.path.json.ConfigurableJsonSlurper$parse.callCurrent(Unknown Source)&#13;&#10;&#9;at org.codehaus.groovy.runtime.callsite.CallSiteArray.defaultCallCurrent(CallSiteArray.java:51)&#13;&#10;&#9;at org.codehaus.groovy.runtime.callsite.AbstractCallSite.callCurrent(AbstractCallSite.java:157)&#13;&#10;&#9;at org.codehaus.groovy.runtime.callsite.AbstractCallSite.callCurrent(AbstractCallSite.java:169)&#13;&#10;&#9;at io.restassured.internal.path.json.ConfigurableJsonSlurper.parseText(ConfigurableJsonSlurper.groovy:83)&#13;&#10;&#9;at io.restassured.path.json.JsonPath$4$1.method(JsonPath.java:949)&#13;&#10;&#9;at io.restassured.path.json.JsonPath$ExceptionCatcher.invoke(JsonPath.java:984)&#13;&#10;&#9;at io.restassured.path.json.JsonPath$4.doParseWith(JsonPath.java:951)&#13;&#10;&#9;at io.restassured.path.json.JsonPath$JsonParser.parseWith(JsonPath.java:1031)&#13;&#10;&#9;at io.restassured.path.json.JsonPath.get(JsonPath.java:202)&#13;&#10;&#9;at com.rbl.util.RestAssuredCode.statusResponseProcess(RestAssuredCode.java:99)&#13;&#10;&#9;at com.stepDefinition.API.RBL.RBLStepDefinition.i_am_fetch_Status_response(RBLStepDefinition.java:234)&#13;&#10;&#9;at sun.reflect.NativeMethodAccessorImpl.invoke0(Native Method)&#13;&#10;&#9;at sun.reflect.NativeMethodAccessorImpl.invoke(NativeMethodAccessorImpl.java:62)&#13;&#10;&#9;at sun.reflect.DelegatingMethodAccessorImpl.invoke(DelegatingMethodAccessorImpl.java:43)&#13;&#10;&#9;at java.lang.reflect.Method.invoke(Method.java:498)&#13;&#10;&#9;at cucumber.runtime.Utils$1.call(Utils.java:26)&#13;&#10;&#9;at cucumber.runtime.Timeout.timeout(Timeout.java:16)&#13;&#10;&#9;at cucumber.runtime.Utils.invoke(Utils.java:20)&#13;&#10;&#9;at cucumber.runtime.java.JavaStepDefinition.execute(JavaStepDefinition.java:49)&#13;&#10;&#9;at cucumber.runner.PickleStepDefinitionMatch.runStep(PickleStepDefinitionMatch.java:50)&#13;&#10;&#9;at cucumber.runner.TestStep.executeStep(TestStep.java:63)&#13;&#10;&#9;at cucumber.runner.TestStep.run(TestStep.java:49)&#13;&#10;&#9;at cucumber.runner.PickleStepTestStep.run(PickleStepTestStep.java:43)&#13;&#10;&#9;at cucumber.runner.TestCase.run(TestCase.java:44)&#13;&#10;&#9;at cucumber.runner.Runner.runPickle(Runner.java:40)&#13;&#10;&#9;at cucumber.api.testng.TestNGCucumberRunner.runScenario(TestNGCucumberRunner.java:68)&#13;&#10;&#9;at cucumber.api.testng.AbstractTestNGCucumberTests.runScenario(AbstractTestNGCucumberTests.java:22)&#13;&#10;&#9;at sun.reflect.NativeMethodAccessorImpl.invoke0(Native Method)&#13;&#10;&#9;at sun.reflect.NativeMethodAccessorImpl.invoke(NativeMethodAccessorImpl.java:62)&#13;&#10;&#9;at sun.reflect.DelegatingMethodAccessorImpl.invoke(DelegatingMethodAccessorImpl.java:43)&#13;&#10;&#9;at java.lang.reflect.Method.invoke(Method.java:498)&#13;&#10;&#9;at org.testng.internal.MethodInvocationHelper.invokeMethod(MethodInvocationHelper.java:86)&#13;&#10;&#9;at org.testng.internal.Invoker.invokeMethod(Invoker.java:643)&#13;&#10;&#9;at org.testng.internal.Invoker.invokeTestMethod(Invoker.java:820)&#13;&#10;&#9;at org.testng.internal.Invoker.invokeTestMethods(Invoker.java:1128)&#13;&#10;&#9;at org.testng.internal.TestMethodWorker.invokeTestMethods(TestMethodWorker.java:129)&#13;&#10;&#9;at org.testng.internal.TestMethodWorker.run(TestMethodWorker.java:112)&#13;&#10;&#9;at org.testng.TestRunner.privateRun(TestRunner.java:782)&#13;&#10;&#9;at org.testng.TestRunner.run(TestRunner.java:632)&#13;&#10;&#9;at org.testng.SuiteRunner.runTest(SuiteRunner.java:366)&#13;&#10;&#9;at org.testng.SuiteRunner.runSequentially(SuiteRunner.java:361)&#13;&#10;&#9;at org.testng.SuiteRunner.privateRun(SuiteRunner.java:319)&#13;&#10;&#9;at org.testng.SuiteRunner.run(SuiteRunner.java:268)&#13;&#10;&#9;at org.testng.SuiteRunnerWorker.runSuite(SuiteRunnerWorker.java:52)&#13;&#10;&#9;at org.testng.SuiteRunnerWorker.run(SuiteRunnerWorker.java:86)&#13;&#10;&#9;at org.testng.TestNG.runSuitesSequentially(TestNG.java:1244)&#13;&#10;&#9;at org.testng.TestNG.runSuitesLocally(TestNG.java:1169)&#13;&#10;&#9;at org.testng.TestNG.run(TestNG.java:1064)&#13;&#10;&#9;at org.apache.maven.surefire.testng.TestNGExecutor.run(TestNGExecutor.java:135)&#13;&#10;&#9;at org.apache.maven.surefire.testng.TestNGDirectoryTestSuite.executeSingleClass(TestNGDirectoryTestSuite.java:112)&#13;&#10;&#9;at org.apache.maven.surefire.testng.TestNGDirectoryTestSuite.execute(TestNGDirectoryTestSuite.java:99)&#13;&#10;&#9;at org.apache.maven.surefire.testng.TestNGProvider.invoke(TestNGProvider.java:146)&#13;&#10;&#9;at org.apache.maven.surefire.booter.ForkedBooter.invokeProviderInSameClassLoader(ForkedBooter.java:384)&#13;&#10;&#9;at org.apache.maven.surefire.booter.ForkedBooter.runSuitesInProcess(ForkedBooter.java:345)&#13;&#10;&#9;at org.apache.maven.surefire.booter.ForkedBooter.execute(ForkedBooter.java:126)&#13;&#10;&#9;at org.apache.maven.surefire.booter.ForkedBooter.main(ForkedBooter.java:418)&#13;&#10;"><![CDATA[Given I am requesting "BaseURI".............................................passed
When I want to "/ILMAPI/LMAPI/ADDTRANSACTIONTEST" and "post" API Request saved in JSON File "Payment_I.json" without charset.passed
When I go to status "/ILMAPI/LMAPI/STATUSCHECKTEST" and "post" API Request saved in JSON File "Status_I.json" without charset.passed
Then I am fetch Status response.............................................failed
When Navigate To Specific RBL Portal........................................skipped
Then Login to User Admin Using Following Credentials :......................skipped
Then I check a transaction log inquiry using corporate reference number.....skipped
Then I check a PPS log inquiry of above transaction, for acknowledgement sent to WU.skipped
Then I Check whether the transaction appears in mandate wise Report or transaction count report under MIS.skipped
Then I go to Transaction Dashborad for validating response status with application status.skipped
Then I am close browser.....................................................skipped

StackTrace:
io.restassured.path.json.exception.JsonPathException: Failed to parse the JSON document
	at io.restassured.path.json.JsonPath$ExceptionCatcher.invoke(JsonPath.java:986)
	at io.restassured.path.json.JsonPath$4.doParseWith(JsonPath.java:951)
	at io.restassured.path.json.JsonPath$JsonParser.parseWith(JsonPath.java:1031)
	at io.restassured.path.json.JsonPath.get(JsonPath.java:202)
	at com.rbl.util.RestAssuredCode.statusResponseProcess(RestAssuredCode.java:99)
	at com.stepDefinition.API.RBL.RBLStepDefinition.i_am_fetch_Status_response(RBLStepDefinition.java:234)
	at ✽.I am fetch Status response(src/test/java/com/features/rbl/RBLApi.feature:36)
Caused by: groovy.json.JsonException: A JSON payload should start with an openning curly brace '{' or an openning square bracket '['.
Instead, '503' was found on line: 1, column: 1
	at sun.reflect.NativeConstructorAccessorImpl.newInstance0(Native Method)
	at sun.reflect.NativeConstructorAccessorImpl.newInstance(NativeConstructorAccessorImpl.java:62)
	at sun.reflect.DelegatingConstructorAccessorImpl.newInstance(DelegatingConstructorAccessorImpl.java:45)
	at java.lang.reflect.Constructor.newInstance(Constructor.java:423)
	at org.codehaus.groovy.reflection.CachedConstructor.invoke(CachedConstructor.java:83)
	at org.codehaus.groovy.runtime.callsite.ConstructorSite$ConstructorSiteNoUnwrapNoCoerce.callConstructor(ConstructorSite.java:105)
	at org.codehaus.groovy.runtime.callsite.CallSiteArray.defaultCallConstructor(CallSiteArray.java:59)
	at org.codehaus.groovy.runtime.callsite.AbstractCallSite.callConstructor(AbstractCallSite.java:238)
	at org.codehaus.groovy.runtime.callsite.AbstractCallSite.callConstructor(AbstractCallSite.java:250)
	at io.restassured.internal.path.json.ConfigurableJsonSlurper.parse(ConfigurableJsonSlurper.groovy:114)
	at io.restassured.internal.path.json.ConfigurableJsonSlurper$parse.callCurrent(Unknown Source)
	at org.codehaus.groovy.runtime.callsite.CallSiteArray.defaultCallCurrent(CallSiteArray.java:51)
	at org.codehaus.groovy.runtime.callsite.AbstractCallSite.callCurrent(AbstractCallSite.java:157)
	at org.codehaus.groovy.runtime.callsite.AbstractCallSite.callCurrent(AbstractCallSite.java:169)
	at io.restassured.internal.path.json.ConfigurableJsonSlurper.parseText(ConfigurableJsonSlurper.groovy:83)
	at io.restassured.path.json.JsonPath$4$1.method(JsonPath.java:949)
	at io.restassured.path.json.JsonPath$ExceptionCatcher.invoke(JsonPath.java:984)
	at io.restassured.path.json.JsonPath$4.doParseWith(JsonPath.java:951)
	at io.restassured.path.json.JsonPath$JsonParser.parseWith(JsonPath.java:1031)
	at io.restassured.path.json.JsonPath.get(JsonPath.java:202)
	at com.rbl.util.RestAssuredCode.statusResponseProcess(RestAssuredCode.java:99)
	at com.stepDefinition.API.RBL.RBLStepDefinition.i_am_fetch_Status_response(RBLStepDefinition.java:234)
	at sun.reflect.NativeMethodAccessorImpl.invoke0(Native Method)
	at sun.reflect.NativeMethodAccessorImpl.invoke(NativeMethodAccessorImpl.java:62)
	at sun.reflect.DelegatingMethodAccessorImpl.invoke(DelegatingMethodAccessorImpl.java:43)
	at java.lang.reflect.Method.invoke(Method.java:498)
	at cucumber.runtime.Utils$1.call(Utils.java:26)
	at cucumber.runtime.Timeout.timeout(Timeout.java:16)
	at cucumber.runtime.Utils.invoke(Utils.java:20)
	at cucumber.runtime.java.JavaStepDefinition.execute(JavaStepDefinition.java:49)
	at cucumber.runner.PickleStepDefinitionMatch.runStep(PickleStepDefinitionMatch.java:50)
	at cucumber.runner.TestStep.executeStep(TestStep.java:63)
	at cucumber.runner.TestStep.run(TestStep.java:49)
	at cucumber.runner.PickleStepTestStep.run(PickleStepTestStep.java:43)
	at cucumber.runner.TestCase.run(TestCase.java:44)
	at cucumber.runner.Runner.runPickle(Runner.java:40)
	at cucumber.api.testng.TestNGCucumberRunner.runScenario(TestNGCucumberRunner.java:68)
	at cucumber.api.testng.AbstractTestNGCucumberTests.runScenario(AbstractTestNGCucumberTests.java:22)
	at sun.reflect.NativeMethodAccessorImpl.invoke0(Native Method)
	at sun.reflect.NativeMethodAccessorImpl.invoke(NativeMethodAccessorImpl.java:62)
	at sun.reflect.DelegatingMethodAccessorImpl.invoke(DelegatingMethodAccessorImpl.java:43)
	at java.lang.reflect.Method.invoke(Method.java:498)
	at org.testng.internal.MethodInvocationHelper.invokeMethod(MethodInvocationHelper.java:86)
	at org.testng.internal.Invoker.invokeMethod(Invoker.java:643)
	at org.testng.internal.Invoker.invokeTestMethod(Invoker.java:820)
	at org.testng.internal.Invoker.invokeTestMethods(Invoker.java:1128)
	at org.testng.internal.TestMethodWorker.invokeTestMethods(TestMethodWorker.java:129)
	at org.testng.internal.TestMethodWorker.run(TestMethodWorker.java:112)
	at org.testng.TestRunner.privateRun(TestRunner.java:782)
	at org.testng.TestRunner.run(TestRunner.java:632)
	at org.testng.SuiteRunner.runTest(SuiteRunner.java:366)
	at org.testng.SuiteRunner.runSequentially(SuiteRunner.java:361)
	at org.testng.SuiteRunner.privateRun(SuiteRunner.java:319)
	at org.testng.SuiteRunner.run(SuiteRunner.java:268)
	at org.testng.SuiteRunnerWorker.runSuite(SuiteRunnerWorker.java:52)
	at org.testng.SuiteRunnerWorker.run(SuiteRunnerWorker.java:86)
	at org.testng.TestNG.runSuitesSequentially(TestNG.java:1244)
	at org.testng.TestNG.runSuitesLocally(TestNG.java:1169)
	at org.testng.TestNG.run(TestNG.java:1064)
	at org.apache.maven.surefire.testng.TestNGExecutor.run(TestNGExecutor.java:135)
	at org.apache.maven.surefire.testng.TestNGDirectoryTestSuite.executeSingleClass(TestNGDirectoryTestSuite.java:112)
	at org.apache.maven.surefire.testng.TestNGDirectoryTestSuite.execute(TestNGDirectoryTestSuite.java:99)
	at org.apache.maven.surefire.testng.TestNGProvider.invoke(TestNGProvider.java:146)
	at org.apache.maven.surefire.booter.ForkedBooter.invokeProviderInSameClassLoader(ForkedBooter.java:384)
	at org.apache.maven.surefire.booter.ForkedBooter.runSuitesInProcess(ForkedBooter.java:345)
	at org.apache.maven.surefire.booter.ForkedBooter.execute(ForkedBooter.java:126)
	at org.apache.maven.surefire.booter.ForkedBooter.main(ForkedBooter.java:418)
]]></failure>
</testcase>
<testcase classname="RBL - STP Workflow" name="Scanario_Duplicate" time="7.468465">
<failure message="io.restassured.path.json.exception.JsonPathException: Failed to parse the JSON document&#13;&#10;&#9;at io.restassured.path.json.JsonPath$ExceptionCatcher.invoke(JsonPath.java:986)&#13;&#10;&#9;at io.restassured.path.json.JsonPath$4.doParseWith(JsonPath.java:951)&#13;&#10;&#9;at io.restassured.path.json.JsonPath$JsonParser.parseWith(JsonPath.java:1031)&#13;&#10;&#9;at io.restassured.path.json.JsonPath.get(JsonPath.java:202)&#13;&#10;&#9;at com.rbl.util.RestAssuredCode.paymentResponseProcess(RestAssuredCode.java:106)&#13;&#10;&#9;at com.stepDefinition.API.RBL.RBLStepDefinition.i_am_validating_object_for_String_value(RBLStepDefinition.java:184)&#13;&#10;&#9;at ✽.I am validating object &quot;[0].ErrorDesc&quot; for String value &quot;Duplicate Transaction Id&quot;.(src/test/java/com/features/rbl/RBLApi.feature:77)&#13;&#10;Caused by: groovy.json.JsonException: A JSON payload should start with an openning curly brace '{' or an openning square bracket '['.&#10;Instead, '503' was found on line: 1, column: 1&#13;&#10;&#9;at sun.reflect.NativeConstructorAccessorImpl.newInstance0(Native Method)&#13;&#10;&#9;at sun.reflect.NativeConstructorAccessorImpl.newInstance(NativeConstructorAccessorImpl.java:62)&#13;&#10;&#9;at sun.reflect.DelegatingConstructorAccessorImpl.newInstance(DelegatingConstructorAccessorImpl.java:45)&#13;&#10;&#9;at java.lang.reflect.Constructor.newInstance(Constructor.java:423)&#13;&#10;&#9;at org.codehaus.groovy.reflection.CachedConstructor.invoke(CachedConstructor.java:83)&#13;&#10;&#9;at org.codehaus.groovy.runtime.callsite.ConstructorSite$ConstructorSiteNoUnwrapNoCoerce.callConstructor(ConstructorSite.java:105)&#13;&#10;&#9;at org.codehaus.groovy.runtime.callsite.AbstractCallSite.callConstructor(AbstractCallSite.java:250)&#13;&#10;&#9;at io.restassured.internal.path.json.ConfigurableJsonSlurper.parse(ConfigurableJsonSlurper.groovy:114)&#13;&#10;&#9;at io.restassured.internal.path.json.ConfigurableJsonSlurper$parse.callCurrent(Unknown Source)&#13;&#10;&#9;at io.restassured.internal.path.json.ConfigurableJsonSlurper.parseText(ConfigurableJsonSlurper.groovy:83)&#13;&#10;&#9;at io.restassured.path.json.JsonPath$4$1.method(JsonPath.java:949)&#13;&#10;&#9;at io.restassured.path.json.JsonPath$ExceptionCatcher.invoke(JsonPath.java:984)&#13;&#10;&#9;at io.restassured.path.json.JsonPath$4.doParseWith(JsonPath.java:951)&#13;&#10;&#9;at io.restassured.path.json.JsonPath$JsonParser.parseWith(JsonPath.java:1031)&#13;&#10;&#9;at io.restassured.path.json.JsonPath.get(JsonPath.java:202)&#13;&#10;&#9;at com.rbl.util.RestAssuredCode.paymentResponseProcess(RestAssuredCode.java:106)&#13;&#10;&#9;at com.stepDefinition.API.RBL.RBLStepDefinition.i_am_validating_object_for_String_value(RBLStepDefinition.java:184)&#13;&#10;&#9;at sun.reflect.NativeMethodAccessorImpl.invoke0(Native Method)&#13;&#10;&#9;at sun.reflect.NativeMethodAccessorImpl.invoke(NativeMethodAccessorImpl.java:62)&#13;&#10;&#9;at sun.reflect.DelegatingMethodAccessorImpl.invoke(DelegatingMethodAccessorImpl.java:43)&#13;&#10;&#9;at java.lang.reflect.Method.invoke(Method.java:498)&#13;&#10;&#9;at cucumber.runtime.Utils$1.call(Utils.java:26)&#13;&#10;&#9;at cucumber.runtime.Timeout.timeout(Timeout.java:16)&#13;&#10;&#9;at cucumber.runtime.Utils.invoke(Utils.java:20)&#13;&#10;&#9;at cucumber.runtime.java.JavaStepDefinition.execute(JavaStepDefinition.java:49)&#13;&#10;&#9;at cucumber.runner.PickleStepDefinitionMatch.runStep(PickleStepDefinitionMatch.java:50)&#13;&#10;&#9;at cucumber.runner.TestStep.executeStep(TestStep.java:63)&#13;&#10;&#9;at cucumber.runner.TestStep.run(TestStep.java:49)&#13;&#10;&#9;at cucumber.runner.PickleStepTestStep.run(PickleStepTestStep.java:43)&#13;&#10;&#9;at cucumber.runner.TestCase.run(TestCase.java:44)&#13;&#10;&#9;at cucumber.runner.Runner.runPickle(Runner.java:40)&#13;&#10;&#9;at cucumber.api.testng.TestNGCucumberRunner.runScenario(TestNGCucumberRunner.java:68)&#13;&#10;&#9;at cucumber.api.testng.AbstractTestNGCucumberTests.runScenario(AbstractTestNGCucumberTests.java:22)&#13;&#10;&#9;at sun.reflect.NativeMethodAccessorImpl.invoke0(Native Method)&#13;&#10;&#9;at sun.reflect.NativeMethodAccessorImpl.invoke(NativeMethodAccessorImpl.java:62)&#13;&#10;&#9;at sun.reflect.DelegatingMethodAccessorImpl.invoke(DelegatingMethodAccessorImpl.java:43)&#13;&#10;&#9;at java.lang.reflect.Method.invoke(Method.java:498)&#13;&#10;&#9;at org.testng.internal.MethodInvocationHelper.invokeMethod(MethodInvocationHelper.java:86)&#13;&#10;&#9;at org.testng.internal.Invoker.invokeMethod(Invoker.java:643)&#13;&#10;&#9;at org.testng.internal.Invoker.invokeTestMethod(Invoker.java:820)&#13;&#10;&#9;at org.testng.internal.Invoker.invokeTestMethods(Invoker.java:1128)&#13;&#10;&#9;at org.testng.internal.TestMethodWorker.invokeTestMethods(TestMethodWorker.java:129)&#13;&#10;&#9;at org.testng.internal.TestMethodWorker.run(TestMethodWorker.java:112)&#13;&#10;&#9;at org.testng.TestRunner.privateRun(TestRunner.java:782)&#13;&#10;&#9;at org.testng.TestRunner.run(TestRunner.java:632)&#13;&#10;&#9;at org.testng.SuiteRunner.runTest(SuiteRunner.java:366)&#13;&#10;&#9;at org.testng.SuiteRunner.runSequentially(SuiteRunner.java:361)&#13;&#10;&#9;at org.testng.SuiteRunner.privateRun(SuiteRunner.java:319)&#13;&#10;&#9;at org.testng.SuiteRunner.run(SuiteRunner.java:268)&#13;&#10;&#9;at org.testng.SuiteRunnerWorker.runSuite(SuiteRunnerWorker.java:52)&#13;&#10;&#9;at org.testng.SuiteRunnerWorker.run(SuiteRunnerWorker.java:86)&#13;&#10;&#9;at org.testng.TestNG.runSuitesSequentially(TestNG.java:1244)&#13;&#10;&#9;at org.testng.TestNG.runSuitesLocally(TestNG.java:1169)&#13;&#10;&#9;at org.testng.TestNG.run(TestNG.java:1064)&#13;&#10;&#9;at org.apache.maven.surefire.testng.TestNGExecutor.run(TestNGExecutor.java:135)&#13;&#10;&#9;at org.apache.maven.surefire.testng.TestNGDirectoryTestSuite.executeSingleClass(TestNGDirectoryTestSuite.java:112)&#13;&#10;&#9;at org.apache.maven.surefire.testng.TestNGDirectoryTestSuite.execute(TestNGDirectoryTestSuite.java:99)&#13;&#10;&#9;at org.apache.maven.surefire.testng.TestNGProvider.invoke(TestNGProvider.java:146)&#13;&#10;&#9;at org.apache.maven.surefire.booter.ForkedBooter.invokeProviderInSameClassLoader(ForkedBooter.java:384)&#13;&#10;&#9;at org.apache.maven.surefire.booter.ForkedBooter.runSuitesInProcess(ForkedBooter.java:345)&#13;&#10;&#9;at org.apache.maven.surefire.booter.ForkedBooter.execute(ForkedBooter.java:126)&#13;&#10;&#9;at org.apache.maven.surefire.booter.ForkedBooter.main(ForkedBooter.java:418)&#13;&#10;"><![CDATA[Given I am requesting "BaseURI".............................................passed
When I want to "/ILMAPI/LMAPI/ADDTRANSACTIONTEST" and "post" API Request saved in JSON File "Payment_I.json" with duplicate data.passed
Then I am validating object "[0].ErrorDesc" for String value "Duplicate Transaction Id"..failed
When I go to status "/ILMAPI/LMAPI/STATUSCHECKTEST" and "post" API Request saved in JSON File "Status_I.json" without charset.skipped
Then I am fetch Status response.............................................skipped
When Navigate To Specific RBL Portal........................................skipped
Then Login to User Admin Using Following Credentials :......................skipped
Then I check a transaction log inquiry using corporate reference number.....skipped
Then I check a PPS log inquiry of above transaction, for acknowledgement sent to WU.skipped
Then I Check whether the transaction appears in mandate wise Report or transaction count report under MIS.skipped
Then I go to Transaction Dashborad for validating response status with application status.skipped
Then I am close browser.....................................................skipped

StackTrace:
io.restassured.path.json.exception.JsonPathException: Failed to parse the JSON document
	at io.restassured.path.json.JsonPath$ExceptionCatcher.invoke(JsonPath.java:986)
	at io.restassured.path.json.JsonPath$4.doParseWith(JsonPath.java:951)
	at io.restassured.path.json.JsonPath$JsonParser.parseWith(JsonPath.java:1031)
	at io.restassured.path.json.JsonPath.get(JsonPath.java:202)
	at com.rbl.util.RestAssuredCode.paymentResponseProcess(RestAssuredCode.java:106)
	at com.stepDefinition.API.RBL.RBLStepDefinition.i_am_validating_object_for_String_value(RBLStepDefinition.java:184)
	at ✽.I am validating object "[0].ErrorDesc" for String value "Duplicate Transaction Id".(src/test/java/com/features/rbl/RBLApi.feature:77)
Caused by: groovy.json.JsonException: A JSON payload should start with an openning curly brace '{' or an openning square bracket '['.
Instead, '503' was found on line: 1, column: 1
	at sun.reflect.NativeConstructorAccessorImpl.newInstance0(Native Method)
	at sun.reflect.NativeConstructorAccessorImpl.newInstance(NativeConstructorAccessorImpl.java:62)
	at sun.reflect.DelegatingConstructorAccessorImpl.newInstance(DelegatingConstructorAccessorImpl.java:45)
	at java.lang.reflect.Constructor.newInstance(Constructor.java:423)
	at org.codehaus.groovy.reflection.CachedConstructor.invoke(CachedConstructor.java:83)
	at org.codehaus.groovy.runtime.callsite.ConstructorSite$ConstructorSiteNoUnwrapNoCoerce.callConstructor(ConstructorSite.java:105)
	at org.codehaus.groovy.runtime.callsite.AbstractCallSite.callConstructor(AbstractCallSite.java:250)
	at io.restassured.internal.path.json.ConfigurableJsonSlurper.parse(ConfigurableJsonSlurper.groovy:114)
	at io.restassured.internal.path.json.ConfigurableJsonSlurper$parse.callCurrent(Unknown Source)
	at io.restassured.internal.path.json.ConfigurableJsonSlurper.parseText(ConfigurableJsonSlurper.groovy:83)
	at io.restassured.path.json.JsonPath$4$1.method(JsonPath.java:949)
	at io.restassured.path.json.JsonPath$ExceptionCatcher.invoke(JsonPath.java:984)
	at io.restassured.path.json.JsonPath$4.doParseWith(JsonPath.java:951)
	at io.restassured.path.json.JsonPath$JsonParser.parseWith(JsonPath.java:1031)
	at io.restassured.path.json.JsonPath.get(JsonPath.java:202)
	at com.rbl.util.RestAssuredCode.paymentResponseProcess(RestAssuredCode.java:106)
	at com.stepDefinition.API.RBL.RBLStepDefinition.i_am_validating_object_for_String_value(RBLStepDefinition.java:184)
	at sun.reflect.NativeMethodAccessorImpl.invoke0(Native Method)
	at sun.reflect.NativeMethodAccessorImpl.invoke(NativeMethodAccessorImpl.java:62)
	at sun.reflect.DelegatingMethodAccessorImpl.invoke(DelegatingMethodAccessorImpl.java:43)
	at java.lang.reflect.Method.invoke(Method.java:498)
	at cucumber.runtime.Utils$1.call(Utils.java:26)
	at cucumber.runtime.Timeout.timeout(Timeout.java:16)
	at cucumber.runtime.Utils.invoke(Utils.java:20)
	at cucumber.runtime.java.JavaStepDefinition.execute(JavaStepDefinition.java:49)
	at cucumber.runner.PickleStepDefinitionMatch.runStep(PickleStepDefinitionMatch.java:50)
	at cucumber.runner.TestStep.executeStep(TestStep.java:63)
	at cucumber.runner.TestStep.run(TestStep.java:49)
	at cucumber.runner.PickleStepTestStep.run(PickleStepTestStep.java:43)
	at cucumber.runner.TestCase.run(TestCase.java:44)
	at cucumber.runner.Runner.runPickle(Runner.java:40)
	at cucumber.api.testng.TestNGCucumberRunner.runScenario(TestNGCucumberRunner.java:68)
	at cucumber.api.testng.AbstractTestNGCucumberTests.runScenario(AbstractTestNGCucumberTests.java:22)
	at sun.reflect.NativeMethodAccessorImpl.invoke0(Native Method)
	at sun.reflect.NativeMethodAccessorImpl.invoke(NativeMethodAccessorImpl.java:62)
	at sun.reflect.DelegatingMethodAccessorImpl.invoke(DelegatingMethodAccessorImpl.java:43)
	at java.lang.reflect.Method.invoke(Method.java:498)
	at org.testng.internal.MethodInvocationHelper.invokeMethod(MethodInvocationHelper.java:86)
	at org.testng.internal.Invoker.invokeMethod(Invoker.java:643)
	at org.testng.internal.Invoker.invokeTestMethod(Invoker.java:820)
	at org.testng.internal.Invoker.invokeTestMethods(Invoker.java:1128)
	at org.testng.internal.TestMethodWorker.invokeTestMethods(TestMethodWorker.java:129)
	at org.testng.internal.TestMethodWorker.run(TestMethodWorker.java:112)
	at org.testng.TestRunner.privateRun(TestRunner.java:782)
	at org.testng.TestRunner.run(TestRunner.java:632)
	at org.testng.SuiteRunner.runTest(SuiteRunner.java:366)
	at org.testng.SuiteRunner.runSequentially(SuiteRunner.java:361)
	at org.testng.SuiteRunner.privateRun(SuiteRunner.java:319)
	at org.testng.SuiteRunner.run(SuiteRunner.java:268)
	at org.testng.SuiteRunnerWorker.runSuite(SuiteRunnerWorker.java:52)
	at org.testng.SuiteRunnerWorker.run(SuiteRunnerWorker.java:86)
	at org.testng.TestNG.runSuitesSequentially(TestNG.java:1244)
	at org.testng.TestNG.runSuitesLocally(TestNG.java:1169)
	at org.testng.TestNG.run(TestNG.java:1064)
	at org.apache.maven.surefire.testng.TestNGExecutor.run(TestNGExecutor.java:135)
	at org.apache.maven.surefire.testng.TestNGDirectoryTestSuite.executeSingleClass(TestNGDirectoryTestSuite.java:112)
	at org.apache.maven.surefire.testng.TestNGDirectoryTestSuite.execute(TestNGDirectoryTestSuite.java:99)
	at org.apache.maven.surefire.testng.TestNGProvider.invoke(TestNGProvider.java:146)
	at org.apache.maven.surefire.booter.ForkedBooter.invokeProviderInSameClassLoader(ForkedBooter.java:384)
	at org.apache.maven.surefire.booter.ForkedBooter.runSuitesInProcess(ForkedBooter.java:345)
	at org.apache.maven.surefire.booter.ForkedBooter.execute(ForkedBooter.java:126)
	at org.apache.maven.surefire.booter.ForkedBooter.main(ForkedBooter.java:418)
]]></failure>
</testcase>
</testsuite>
